0 info it worked if it ends with ok
1 verbose cli [ '/usr/local/bin/node',
1 verbose cli   '/usr/local/bin/npm',
1 verbose cli   'install',
1 verbose cli   '-g',
1 verbose cli   'ios-deploy' ]
2 info using npm@3.10.3
3 info using node@v6.3.0
4 silly loadCurrentTree Starting
5 silly install loadCurrentTree
6 silly install readGlobalPackageData
7 silly fetchPackageMetaData ios-deploy
8 silly fetchNamedPackageData ios-deploy
9 silly mapToRegistry name ios-deploy
10 silly mapToRegistry using default registry
11 silly mapToRegistry registry https://registry.npmjs.org/
12 silly mapToRegistry data Result {
12 silly mapToRegistry   raw: 'ios-deploy',
12 silly mapToRegistry   scope: null,
12 silly mapToRegistry   escapedName: 'ios-deploy',
12 silly mapToRegistry   name: 'ios-deploy',
12 silly mapToRegistry   rawSpec: '',
12 silly mapToRegistry   spec: 'latest',
12 silly mapToRegistry   type: 'tag' }
13 silly mapToRegistry uri https://registry.npmjs.org/ios-deploy
14 verbose request uri https://registry.npmjs.org/ios-deploy
15 verbose request no auth needed
16 info attempt registry request try #1 at 3:05:41 PM
17 verbose request id f0526b27db217019
18 verbose etag "59f1ece3-af64"
19 verbose lastModified Thu, 26 Oct 2017 14:10:43 GMT
20 http request GET https://registry.npmjs.org/ios-deploy
21 http 304 https://registry.npmjs.org/ios-deploy
22 verbose headers { date: 'Mon, 08 Jan 2018 20:05:41 GMT',
22 verbose headers   via: '1.1 varnish',
22 verbose headers   'cache-control': 'max-age=300',
22 verbose headers   etag: '"59f1ece3-af64"',
22 verbose headers   age: '40',
22 verbose headers   connection: 'keep-alive',
22 verbose headers   'x-served-by': 'cache-bos8231-BOS',
22 verbose headers   'x-cache': 'HIT',
22 verbose headers   'x-cache-hits': '1',
22 verbose headers   'x-timer': 'S1515441941.204682,VS0,VE1',
22 verbose headers   vary: 'Accept-Encoding, Accept' }
23 silly get cb [ 304,
23 silly get   { date: 'Mon, 08 Jan 2018 20:05:41 GMT',
23 silly get     via: '1.1 varnish',
23 silly get     'cache-control': 'max-age=300',
23 silly get     etag: '"59f1ece3-af64"',
23 silly get     age: '40',
23 silly get     connection: 'keep-alive',
23 silly get     'x-served-by': 'cache-bos8231-BOS',
23 silly get     'x-cache': 'HIT',
23 silly get     'x-cache-hits': '1',
23 silly get     'x-timer': 'S1515441941.204682,VS0,VE1',
23 silly get     vary: 'Accept-Encoding, Accept' } ]
24 verbose etag https://registry.npmjs.org/ios-deploy from cache
25 verbose get saving ios-deploy to /Users/DarcyMeyer/.npm/registry.npmjs.org/ios-deploy/.cache.json
26 verbose correctMkdir /Users/DarcyMeyer/.npm correctMkdir not in flight; initializing
27 silly install normalizeTree
28 silly loadCurrentTree Finishing
29 silly loadIdealTree Starting
30 silly install loadIdealTree
31 silly cloneCurrentTree Starting
32 silly install cloneCurrentTreeToIdealTree
33 silly cloneCurrentTree Finishing
34 silly loadShrinkwrap Starting
35 silly install loadShrinkwrap
36 silly loadShrinkwrap Finishing
37 silly loadAllDepsIntoIdealTree Starting
38 silly install loadAllDepsIntoIdealTree
39 silly resolveWithNewModule ios-deploy@1.9.2 checking installable status
40 silly cache add args [ 'ios-deploy', null ]
41 verbose cache add spec ios-deploy
42 silly cache add parsed spec Result {
42 silly cache add   raw: 'ios-deploy',
42 silly cache add   scope: null,
42 silly cache add   escapedName: 'ios-deploy',
42 silly cache add   name: 'ios-deploy',
42 silly cache add   rawSpec: '',
42 silly cache add   spec: 'latest',
42 silly cache add   type: 'tag' }
43 silly addNamed ios-deploy@latest
44 verbose addNamed "latest" is being treated as a dist-tag for ios-deploy
45 info addNameTag [ 'ios-deploy', 'latest' ]
46 silly mapToRegistry name ios-deploy
47 silly mapToRegistry using default registry
48 silly mapToRegistry registry https://registry.npmjs.org/
49 silly mapToRegistry data Result {
49 silly mapToRegistry   raw: 'ios-deploy',
49 silly mapToRegistry   scope: null,
49 silly mapToRegistry   escapedName: 'ios-deploy',
49 silly mapToRegistry   name: 'ios-deploy',
49 silly mapToRegistry   rawSpec: '',
49 silly mapToRegistry   spec: 'latest',
49 silly mapToRegistry   type: 'tag' }
50 silly mapToRegistry uri https://registry.npmjs.org/ios-deploy
51 verbose addNameTag registry:https://registry.npmjs.org/ios-deploy not in flight; fetching
52 verbose get https://registry.npmjs.org/ios-deploy not expired, no request
53 silly addNameTag next cb for ios-deploy with tag latest
54 silly addNamed ios-deploy@1.9.2
55 verbose addNamed "1.9.2" is a plain semver version for ios-deploy
56 silly cache afterAdd ios-deploy@1.9.2
57 verbose afterAdd /Users/DarcyMeyer/.npm/ios-deploy/1.9.2/package/package.json not in flight; writing
58 verbose correctMkdir /Users/DarcyMeyer/.npm correctMkdir not in flight; initializing
59 verbose afterAdd /Users/DarcyMeyer/.npm/ios-deploy/1.9.2/package/package.json written
60 silly loadAllDepsIntoIdealTree Finishing
61 silly loadIdealTree Finishing
62 silly currentTree lib
63 silly idealTree lib
63 silly idealTree └── ios-deploy@1.9.2
64 silly generateActionsToTake Starting
65 silly install generateActionsToTake
66 silly generateActionsToTake Finishing
67 silly diffTrees action count 1
68 silly diffTrees add ios-deploy@1.9.2
69 silly decomposeActions action count 8
70 silly decomposeActions fetch ios-deploy@1.9.2
71 silly decomposeActions extract ios-deploy@1.9.2
72 silly decomposeActions test ios-deploy@1.9.2
73 silly decomposeActions preinstall ios-deploy@1.9.2
74 silly decomposeActions build ios-deploy@1.9.2
75 silly decomposeActions install ios-deploy@1.9.2
76 silly decomposeActions postinstall ios-deploy@1.9.2
77 silly decomposeActions finalize ios-deploy@1.9.2
78 silly executeActions Starting
79 silly install executeActions
80 silly doSerial global-install 0
81 silly doParallel fetch 1
82 verbose correctMkdir /Users/DarcyMeyer/.npm/_locks correctMkdir not in flight; initializing
83 verbose lock using /Users/DarcyMeyer/.npm/_locks/staging-3a08f0df5026584d.lock for /usr/local/lib/node_modules/.staging
84 silly doParallel extract 1
85 silly extract ios-deploy@1.9.2
86 verbose unbuild lib/node_modules/.staging/ios-deploy-298c9491
87 silly gentlyRm /usr/local/lib/node_modules/.staging/ios-deploy-298c9491 is being purged from base /usr/local
88 verbose gentlyRm don't care about contents; nuking /usr/local/lib/node_modules/.staging/ios-deploy-298c9491
89 verbose tar unpack /Users/DarcyMeyer/.npm/ios-deploy/1.9.2/package.tgz
90 verbose tar unpacking to /usr/local/lib/node_modules/.staging/ios-deploy-298c9491
91 silly gentlyRm /usr/local/lib/node_modules/.staging/ios-deploy-298c9491 is being purged
92 verbose gentlyRm don't care about contents; nuking /usr/local/lib/node_modules/.staging/ios-deploy-298c9491
93 silly gunzTarPerm modes [ '755', '644' ]
94 silly gunzTarPerm extractEntry package.json
95 silly gunzTarPerm extractEntry .npmignore
96 silly gunzTarPerm extractEntry README.md
97 silly gunzTarPerm extractEntry LICENSE
98 silly gunzTarPerm extractEntry .travis.yml
99 silly gunzTarPerm extractEntry .github/CONTRIBUTING.md
100 silly gunzTarPerm extractEntry .github/ISSUE_TEMPLATE.md
101 silly gunzTarPerm extractEntry demo/.npmignore
102 silly gunzTarPerm extractEntry demo/Entitlements.plist
103 silly gunzTarPerm extractEntry demo/Info.plist
104 silly gunzTarPerm extractEntry demo/Makefile
105 silly gunzTarPerm extractEntry demo/ResourceRules.plist
106 silly gunzTarPerm extractEntry demo/demo.c
107 silly gunzTarPerm extractEntry ios-deploy.xcodeproj/project.pbxproj
108 silly gunzTarPerm extractEntry ios-deploy.xcodeproj/xcshareddata/xcschemes/ios-deploy-tests.xcscheme
109 silly gunzTarPerm extractEntry src/ios-deploy/MobileDevice.h
110 silly gunzTarPerm extractEntry src/ios-deploy/device_db.h
111 silly gunzTarPerm extractEntry src/ios-deploy/errors.h
112 silly gunzTarPerm extractEntry src/ios-deploy/ios-deploy.m
113 silly gunzTarPerm extractEntry src/ios-deploy/version.h
114 silly gunzTarPerm extractEntry src/ios-deploy-lib/libios_deploy.h
115 silly gunzTarPerm extractEntry src/ios-deploy-lib/libios_deploy.m
116 silly gunzTarPerm extractEntry src/ios-deploy-tests/Info.plist
117 silly gunzTarPerm extractEntry src/ios-deploy-tests/ios_deploy_tests.m
118 silly gunzTarPerm extractEntry src/scripts/check_reqs.js
119 silly gunzTarPerm extractEntry src/scripts/lldb.py
120 silly gentlyRm /usr/local/lib/node_modules/.staging/ios-deploy-298c9491/node_modules is being purged
121 verbose gentlyRm don't care about contents; nuking /usr/local/lib/node_modules/.staging/ios-deploy-298c9491/node_modules
122 silly doParallel preinstall 1
123 silly preinstall ios-deploy@1.9.2 /usr/local/lib/node_modules/.staging/ios-deploy-298c9491
124 info lifecycle ios-deploy@1.9.2~preinstall: ios-deploy@1.9.2
125 warn lifecycle ios-deploy@1.9.2~preinstall: cannot run in wd %s %s (wd=%s) ios-deploy@1.9.2 ./src/scripts/check_reqs.js && xcodebuild /usr/local/lib/node_modules/.staging/ios-deploy-298c9491
126 silly doReverseSerial remove 0
127 silly doSerial move 0
128 silly doSerial finalize 1
129 silly finalize /usr/local/lib/node_modules/ios-deploy
130 silly doSerial build 1
131 silly build ios-deploy@1.9.2
132 info linkStuff ios-deploy@1.9.2
133 silly linkStuff ios-deploy@1.9.2 has /usr/local/lib/node_modules as its parent node_modules
134 silly linkStuff ios-deploy@1.9.2 is part of a global install
135 silly linkStuff ios-deploy@1.9.2 is installed into a global node_modules
136 silly linkStuff ios-deploy@1.9.2 is installed into the top-level global node_modules
137 verbose linkBins ios-deploy@1.9.2
138 verbose link bins [ { 'ios-deploy': './build/Release/ios-deploy' },
138 verbose link bins   '/usr/local/bin',
138 verbose link bins   true ]
139 verbose linkMans ios-deploy@1.9.2
140 verbose unlock done using /Users/DarcyMeyer/.npm/_locks/staging-3a08f0df5026584d.lock for /usr/local/lib/node_modules/.staging
141 silly rollbackFailedOptional Starting
142 silly rollbackFailedOptional Finishing
143 silly runTopLevelLifecycles Starting
144 silly runTopLevelLifecycles Finishing
145 silly install printInstalled
146 verbose stack Error: ENOENT: no such file or directory, chmod '/usr/local/lib/node_modules/ios-deploy/build/Release/ios-deploy'
146 verbose stack     at Error (native)
147 verbose cwd /Users/DarcyMeyer/Projects/Current/Chroniker
148 error Darwin 17.3.0
149 error argv "/usr/local/bin/node" "/usr/local/bin/npm" "install" "-g" "ios-deploy"
150 error node v6.3.0
151 error npm  v3.10.3
152 error path /usr/local/lib/node_modules/ios-deploy/build/Release/ios-deploy
153 error code ENOENT
154 error errno -2
155 error syscall chmod
156 error enoent ENOENT: no such file or directory, chmod '/usr/local/lib/node_modules/ios-deploy/build/Release/ios-deploy'
157 error enoent ENOENT: no such file or directory, chmod '/usr/local/lib/node_modules/ios-deploy/build/Release/ios-deploy'
157 error enoent This is most likely not a problem with npm itself
157 error enoent and is related to npm not being able to find a file.
158 verbose exit [ -2, true ]
